[2024-09-07T16:54:21.621] [DEBUG] debug-file - env: nodejsVersion=v18.20.1
[2024-09-07T16:54:22.685] [DEBUG] debug-file - Hvigor init with startParameters:{
  hvigorfileTypeCheck: false,
  parallelExecution: true,
  incrementalExecution: true,
  printStackTrace: false,
  daemon: false,
  analyze: 0,
  logLevel: Level { level: 20000, levelStr: 'INFO', colour: 'green' }
}
[2024-09-07T16:54:22.733] [DEBUG] debug-file - hvigorfile, resolving G:\CraftingLauncher\hvigorfile.ts
[2024-09-07T16:54:28.283] [DEBUG] debug-file - hvigorfile, require result:  { default: { system: [Function: appTasks], plugins: [] } }
[2024-09-07T16:54:28.661] [DEBUG] debug-file - Start initialize project's product build option map with build mode debug.
[2024-09-07T16:54:28.672] [DEBUG] debug-file - Product 'default' using build option: {
  "debuggable": true,
  "strictMode": {
    "caseSensitiveCheck": true
  }
} in this build.
[2024-09-07T16:54:28.696] [DEBUG] debug-file - Local scan or download HarmonyOS sdk components toolchains,ets,js,native,previewer
[2024-09-07T16:54:28.706] [DEBUG] debug-file - Local scan or download hmscore sdk components toolchains,ets,native
[2024-09-07T16:54:28.894] [DEBUG] debug-file - Sdk init in 207 ms 
[2024-09-07T16:54:28.979] [DEBUG] debug-file - Project task initialization takes 80 ms 
[2024-09-07T16:54:29.008] [DEBUG] debug-file - hvigorfile, resolving G:\CraftingLauncher\entry\hvigorfile.ts
[2024-09-07T16:54:29.061] [DEBUG] debug-file - Start initialize module-target build option map, moduleName=entry, buildMode=debug
[2024-09-07T16:54:29.081] [DEBUG] debug-file - Module entry task initialization takes 9 ms 
[2024-09-07T16:54:29.104] [DEBUG] debug-file - project has submodules:entry
[2024-09-07T16:54:29.174] [DEBUG] debug-file - Configuration task cost before running: 6 s 530 ms 
[2024-09-07T16:54:29.182] [DEBUG] debug-file - Executing task :entry:clean
[2024-09-07T16:54:29.189] [DEBUG] debug-file - entry : clean cost memory 0.2302093505859375
[2024-09-07T16:54:29.223] [DEBUG] debug-file - Module 'entry' target 'default' using build option: {
  "debuggable": true,
  "copyFrom": "default",
  "strictMode": {
    "caseSensitiveCheck": true
  },
  "externalNativeOptions": {
    "path": "./src/main/cpp/CMakeLists.txt",
    "arguments": "",
    "cppFlags": ""
  },
  "name": "debug"
} in this build.
[2024-09-07T16:54:21.625] [DEBUG] debug-file - env: hvigor-config.json5 content = {
  modelVersion: '5.0.0',
  dependencies: {},
  execution: {},
  logging: {},
  debugging: {},
  nodeOptions: {}
}
[2024-09-07T16:54:22.688] [DEBUG] debug-file - Since current hvigor version 5.5.2 differs from last hvigor version 
      undefined, delete file-cache.json and task-cache.json.
[2024-09-07T16:54:28.283] [DEBUG] debug-file - hvigorfile, binding system plugins [Function: appTasks]
[2024-09-07T16:54:28.661] [DEBUG] debug-file - Picking option from product 'default' with build mode 'debug'.
[2024-09-07T16:54:28.685] [DEBUG] debug-file - No signingConfig found, initRemoteHspCache failed.
[2024-09-07T16:54:28.979] [DEBUG] debug-file - hvigorfile, binding custom plugins []
[2024-09-07T16:54:29.019] [DEBUG] debug-file - hvigorfile, require result:  { default: { system: [Function: hapTasks], plugins: [] } }
[2024-09-07T16:54:29.061] [DEBUG] debug-file - Target 'default' config: {}
[2024-09-07T16:54:29.082] [DEBUG] debug-file - hvigorfile, binding custom plugins []
[2024-09-07T16:54:29.107] [DEBUG] debug-file - start to load updatedOhPackageInfo to the disk
[2024-09-07T16:54:29.182] [DEBUG] debug-file - clean: Worker pool is inactive.
[2024-09-07T16:54:29.190] [DEBUG] debug-file - runTaskFromQueue task cost before running: 6 s 546 ms 
[2024-09-07T16:54:29.231] [DEBUG] debug-file - Module 'entry' target 'ohosTest' using build option: {
  "debuggable": true,
  "strictMode": {
    "caseSensitiveCheck": true
  },
  "externalNativeOptions": {
    "path": "./src/main/cpp/CMakeLists.txt",
    "arguments": "",
    "cppFlags": ""
  },
  "name": "default"
} in this build.
[2024-09-07T16:54:29.284] [DEBUG] debug-file - Create  resident worker with id: 0.
[2024-09-07T16:54:21.628] [DEBUG] debug-file - env: daemon=false
[2024-09-07T16:54:22.690] [DEBUG] debug-file - Cache service initialization finished in 4 ms 
[2024-09-07T16:54:28.663] [DEBUG] debug-file - Product 'default' build option: {}
[2024-09-07T16:54:28.979] [DEBUG] debug-file - hvigorfile, no custom plugins were found in G:\CraftingLauncher\hvigorfile.ts
[2024-09-07T16:54:29.019] [DEBUG] debug-file - hvigorfile, binding system plugins [Function: hapTasks]
[2024-09-07T16:54:29.063] [DEBUG] debug-file - Target 'ohosTest' config: {}
[2024-09-07T16:54:29.082] [DEBUG] debug-file - hvigorfile, no custom plugins were found in G:\CraftingLauncher\entry\hvigorfile.ts
[2024-09-07T16:54:29.133] [DEBUG] debug-file - load to the disk finished
[2024-09-07T16:54:29.192] [INFO] debug-file - Finished :entry:clean... after 9 ms 
[2024-09-07T16:54:29.241] [DEBUG] debug-file - hvigor start cli arguments:{
  prop: [ 'product=default' ],
  sync: true,
  parallel: true,
  incremental: true,
  daemon: false,
  _: [],
  analyze: 'normal'
}
[2024-09-07T16:54:29.292] [DEBUG] debug-file - Current worker pool is stopped or closed.
[2024-09-07T16:54:21.628] [DEBUG] debug-file - no-daemon, use the parent process.execArgv --max-old-space-size=8192,--expose-gc
[2024-09-07T16:54:28.663] [DEBUG] debug-file - End initialize project's product build option map with build mode 'debug'.
[2024-09-07T16:54:28.979] [DEBUG] debug-file - hvigorfile, resolve finished G:\CraftingLauncher\hvigorfile.ts
[2024-09-07T16:54:29.063] [DEBUG] debug-file - Module 'entry' target 'default' build option: {
  "debuggable": true,
  "copyFrom": "default",
  "strictMode": {
    "caseSensitiveCheck": true
  },
  "externalNativeOptions": {
    "path": "./src/main/cpp/CMakeLists.txt",
    "arguments": "",
    "cppFlags": ""
  },
  "name": "debug"
}
[2024-09-07T16:54:29.082] [DEBUG] debug-file - hvigorfile, resolve finished G:\CraftingLauncher\entry\hvigorfile.ts
[2024-09-07T16:54:29.136] [DEBUG] debug-file - Module CraftingLauncher Collected Dependency: 
[2024-09-07T16:54:29.193] [DEBUG] debug-file - Executing task ::clean
[2024-09-07T16:54:29.279] [DEBUG] debug-file - Since there is no instance or instance is terminated, create a new worker pool.
[2024-09-07T16:54:29.293] [DEBUG] debug-file - Clear worker 0.
[2024-09-07T16:54:29.063] [DEBUG] debug-file - Module 'entry' target 'ohosTest' build option: {
  "debuggable": true,
  "strictMode": {
    "caseSensitiveCheck": true
  },
  "externalNativeOptions": {
    "path": "./src/main/cpp/CMakeLists.txt",
    "arguments": "",
    "cppFlags": ""
  },
  "name": "default"
}
[2024-09-07T16:54:29.136] [DEBUG] debug-file - Module CraftingLauncher's total dependency: 0
[2024-09-07T16:54:29.193] [DEBUG] debug-file - clean: Worker pool is inactive.
[2024-09-07T16:54:29.280] [DEBUG] debug-file - Worker pool is initialized with config:  {
  minPoolNum: 2,
  maxPoolNum: undefined,
  maxCoreSize: undefined,
  cacheCapacity: undefined,
  cacheTtl: undefined
}
[2024-09-07T16:54:29.294] [DEBUG] debug-file - Worker 0 has been cleared.
[2024-09-07T16:54:29.063] [DEBUG] debug-file - End initialize module-target build option map, moduleName=entry
[2024-09-07T16:54:29.149] [DEBUG] debug-file - Module entry Collected Dependency: G:\CraftingLauncher\entry\src\main\cpp\types\libentry
[2024-09-07T16:54:29.194] [DEBUG] debug-file - CraftingLauncher : clean cost memory 0.0292205810546875
[2024-09-07T16:54:29.294] [DEBUG] debug-file - Current idle worker size: 0.
[2024-09-07T16:54:29.064] [DEBUG] debug-file - Module 'entry' target 'default' using build option: {
  "debuggable": true,
  "copyFrom": "default",
  "strictMode": {
    "caseSensitiveCheck": true
  },
  "externalNativeOptions": {
    "path": "./src/main/cpp/CMakeLists.txt",
    "arguments": "",
    "cppFlags": ""
  },
  "name": "debug"
} in this build.
[2024-09-07T16:54:29.149] [DEBUG] debug-file - Module entry's total dependency: 1
[2024-09-07T16:54:29.194] [DEBUG] debug-file - runTaskFromQueue task cost before running: 6 s 550 ms 
[2024-09-07T16:54:29.294] [DEBUG] debug-file - Current busy worker size: 0.
[2024-09-07T16:54:29.156] [DEBUG] debug-file - Configuration phase cost:6 s 447 ms 
[2024-09-07T16:54:29.195] [INFO] debug-file - Finished ::clean... after 2 ms 
[2024-09-07T16:54:29.295] [DEBUG] debug-file - hvigor build process will be closed.
[2024-09-07T16:54:29.195] [DEBUG] debug-file - Executing task :entry:init
[2024-09-07T16:54:29.329] [DEBUG] debug-file - worker[0] exits with exit code 0.
[2024-09-07T16:54:29.196] [DEBUG] debug-file - entry : init cost memory 0.01015472412109375
[2024-09-07T16:54:29.330] [DEBUG] debug-file - Current worker pool is terminated.
[2024-09-07T16:54:29.196] [DEBUG] debug-file - runTaskFromQueue task cost before running: 6 s 552 ms 
[2024-09-07T16:54:29.196] [INFO] debug-file - Finished :entry:init... after 1 ms 
[2024-09-07T16:54:29.196] [DEBUG] debug-file - Executing task ::init
[2024-09-07T16:54:29.196] [DEBUG] debug-file - CraftingLauncher : init cost memory 0.00893402099609375
[2024-09-07T16:54:29.197] [DEBUG] debug-file - runTaskFromQueue task cost before running: 6 s 553 ms 
[2024-09-07T16:54:29.197] [INFO] debug-file - Finished ::init... after 1 ms 
[2024-09-07T16:54:33.707] [DEBUG] debug-file - env: nodejsVersion=v18.20.1
[2024-09-07T16:54:33.880] [DEBUG] debug-file - env: daemon=true
[2024-09-07T16:54:33.711] [DEBUG] debug-file - env: hvigor-config.json5 content = {
  modelVersion: '5.0.0',
  dependencies: {},
  execution: {},
  logging: {},
  debugging: {},
  nodeOptions: {}
}
[2024-09-07T16:54:37.209] [DEBUG] debug-file - hvigor start cli arguments:{
  prop: [ 'module=entry', 'product=default' ],
  mode: 'module',
  parallel: true,
  incremental: true,
  daemon: true,
  _: [ 'compileNative', '--analyze=normal' ]
}
[2024-09-07T16:54:37.405] [DEBUG] debug-file - session manager: set active socket. socketId=kNxxTWAa_wKORn4HAAAB
[2024-09-07T16:54:37.604] [DEBUG] debug-file - java daemon tryConnect failed Error: connect ECONNREFUSED ::1:45050
[2024-09-07T16:54:37.715] [DEBUG] debug-file - java daemon started at port 45050 pid 7828
[2024-09-07T16:54:41.728] [DEBUG] debug-file - watch worker: worker id should be larger than 0. Nothing will be sent to any worker thread.
[2024-09-07T16:54:42.014] [DEBUG] debug-file - Hvigor init with startParameters:{
  hvigorfileTypeCheck: false,
  parallelExecution: true,
  incrementalExecution: true,
  printStackTrace: false,
  daemon: true,
  analyze: 0,
  logLevel: Level { level: 20000, levelStr: 'INFO', colour: 'green' }
}
[2024-09-07T16:54:42.018] [DEBUG] debug-file - Cache service initialization finished in 4 ms 
[2024-09-07T16:54:42.076] [DEBUG] debug-file - hvigorfile, resolving G:\CraftingLauncher\hvigorfile.ts
